<?xml version="1.0" encoding="UTF-8"?>
<testsuite name="com.myschool.learn.tests.phptravels.login.LoginTest" tests="1" skipped="0" failures="0" errors="0" timestamp="2019-12-11T03:17:35" hostname="YOWL88397" time="11.135">
  <properties/>
  <testcase name="testLoginWithExistingProfile" classname="com.myschool.learn.tests.phptravels.login.LoginTest" time="11.135"/>
  <system-out><![CDATA[]]></system-out>
  <system-err><![CDATA[Dec 10, 2019 10:17:31 PM org.openqa.selenium.remote.DesiredCapabilities firefox
INFO: Using `new FirefoxOptions()` is preferred to `DesiredCapabilities.firefox()`
Dec 10, 2019 10:17:35 PM org.openqa.selenium.remote.ProtocolHandshake createSession
INFO: Detected dialect: W3C
]]></system-err>
</testsuite>
