<?xml version="1.0" encoding="UTF-8"?>
<testsuite name="com.myschool.learn.tests.phptravels.searchengine.FlightsSearchTest" tests="1" skipped="0" failures="0" errors="0" timestamp="2019-12-14T15:47:19" hostname="YOWL88397" time="13.345">
  <properties/>
  <testcase name="testToGetFlightsSearchFields1" classname="com.myschool.learn.tests.phptravels.searchengine.FlightsSearchTest" time="13.345"/>
  <system-out><![CDATA[December,
2019
]]></system-out>
  <system-err><![CDATA[Dec 14, 2019 10:47:14 AM org.openqa.selenium.remote.DesiredCapabilities firefox
INFO: Using `new FirefoxOptions()` is preferred to `DesiredCapabilities.firefox()`
Dec 14, 2019 10:47:18 AM org.openqa.selenium.remote.ProtocolHandshake createSession
INFO: Detected dialect: W3C
]]></system-err>
</testsuite>
