<?xml version="1.0" encoding="UTF-8"?>
<testsuite name="com.myschool.learn.tests.phptravels.login.LoginTest" tests="1" skipped="0" failures="0" errors="0" timestamp="2019-12-08T03:14:59" hostname="YOWL88397" time="5.985">
  <properties/>
  <testcase name="testLoginWithExistingProfile" classname="com.myschool.learn.tests.phptravels.login.LoginTest" time="5.985"/>
  <system-out><![CDATA[]]></system-out>
  <system-err><![CDATA[Dec 07, 2019 10:14:55 PM org.openqa.selenium.remote.DesiredCapabilities firefox
INFO: Using `new FirefoxOptions()` is preferred to `DesiredCapabilities.firefox()`
Dec 07, 2019 10:14:59 PM org.openqa.selenium.remote.ProtocolHandshake createSession
INFO: Detected dialect: W3C
]]></system-err>
</testsuite>
